# JRE version: OpenJDK Runtime Environment (11.0.8+10) (build 11.0.8+10-b944.6842174)
# Java VM: OpenJDK 64-Bit Server VM (11.0.8+10-b944.6842174, mixed mode, tiered, compressed oops, g1 gc, windows-amd64)
Heap:
 garbage-first heap   total 131072K, used 56855K [0x0000000080000000, 0x0000000100000000)
  region size 1024K, 43 young (44032K), 3 survivors (3072K)
 Metaspace       used 31807K, capacity 32493K, committed 32640K, reserved 1077248K
  class space    used 4122K, capacity 4357K, committed 4480K, reserved 1048576K
GC Heap History (8 events):
Event: 1.099 GC heap before
{Heap before GC invocations=0 (full 0):
 garbage-first heap   total 131072K, used 29696K [0x0000000080000000, 0x0000000100000000)
  region size 1024K, 24 young (24576K), 0 survivors (0K)
 Metaspace       used 10395K, capacity 10640K, committed 11008K, reserved 1058816K
  class space    used 1098K, capacity 1164K, committed 1280K, reserved 1048576K
}
Event: 1.107 GC heap after
{Heap after GC invocations=1 (full 0):
 garbage-first heap   total 131072K, used 8834K [0x0000000080000000, 0x0000000100000000)
  region size 1024K, 3 young (3072K), 3 survivors (3072K)
 Metaspace       used 10395K, capacity 10640K, committed 11008K, reserved 1058816K
  class space    used 1098K, capacity 1164K, committed 1280K, reserved 1048576K
}
Event: 3.403 GC heap before
{Heap before GC invocations=1 (full 0):
 garbage-first heap   total 131072K, used 82562K [0x0000000080000000, 0x0000000100000000)
  region size 1024K, 76 young (77824K), 3 survivors (3072K)
 Metaspace       used 19020K, capacity 19466K, committed 19712K, reserved 1067008K
  class space    used 2313K, capacity 2457K, committed 2560K, reserved 1048576K
}
Event: 3.411 GC heap after
{Heap after GC invocations=2 (full 0):
 garbage-first heap   total 131072K, used 16207K [0x0000000080000000, 0x0000000100000000)
  region size 1024K, 10 young (10240K), 10 survivors (10240K)
 Metaspace       used 19020K, capacity 19466K, committed 19712K, reserved 1067008K
  class space    used 2313K, capacity 2457K, committed 2560K, reserved 1048576K
}
Event: 3.663 GC heap before
{Heap before GC invocations=2 (full 0):
 garbage-first heap   total 131072K, used 27471K [0x0000000080000000, 0x0000000100000000)
  region size 1024K, 22 young (22528K), 10 survivors (10240K)
 Metaspace       used 20612K, capacity 21105K, committed 21248K, reserved 1067008K
  class space    used 2532K, capacity 2710K, committed 2816K, reserved 1048576K
}
Event: 3.672 GC heap after
{Heap after GC invocations=3 (full 0):
 garbage-first heap   total 131072K, used 16383K [0x0000000080000000, 0x0000000100000000)
  region size 1024K, 1 young (1024K), 1 survivors (1024K)
 Metaspace       used 20612K, capacity 21105K, committed 21248K, reserved 1067008K
  class space    used 2532K, capacity 2710K, committed 2816K, reserved 1048576K
}
Event: 6.732 GC heap before
{Heap before GC invocations=4 (full 0):
 garbage-first heap   total 131072K, used 62463K [0x0000000080000000, 0x0000000100000000)
  region size 1024K, 46 young (47104K), 1 survivors (1024K)
 Metaspace       used 25840K, capacity 26447K, committed 26752K, reserved 1073152K
  class space    used 3369K, capacity 3600K, committed 3712K, reserved 1048576K
}
Event: 6.736 GC heap after
{Heap after GC invocations=5 (full 0):
 garbage-first heap   total 131072K, used 17943K [0x0000000080000000, 0x0000000100000000)
  region size 1024K, 3 young (3072K), 3 survivors (3072K)
 Metaspace       used 25840K, capacity 26447K, committed 26752K, reserved 1073152K
  class space    used 3369K, capacity 3600K, committed 3712K, reserved 1048576K
}

